<?xml version="1.0" encoding="UTF-8"?>
<testsuite name="com.controller.AddressBookTest" tests="1" skipped="0" failures="0" errors="0" timestamp="2019-12-06T03:49:58" hostname="admin1-desktop" time="0.009">
  <properties/>
  <testcase name="givenFileName_WhenExist_OpensFileToReadData" classname="com.controller.AddressBookTest" time="0.009"/>
  <system-out><![CDATA[FirstName: Akshay
LastName: Patwari
Address: Kothrud
City: Pune
State: Maharashtra
Zip: 39248
PhoneNumber: 789456123
-----------------------
]]></system-out>
  <system-err><![CDATA[]]></system-err>
</testsuite>
