<?xml version="1.0" encoding="UTF-8"?>
<testsuite name="com.controller.AddressBookTest" tests="1" skipped="0" failures="0" errors="0" timestamp="2019-12-05T11:54:12" hostname="admin1-desktop" time="0.01">
  <properties/>
  <testcase name="givenFileNameAndData_WhenCorrectAndExist_AddDataIntoFile" classname="com.controller.AddressBookTest" time="0.01"/>
  <system-out><![CDATA[]]></system-out>
  <system-err><![CDATA[]]></system-err>
</testsuite>
