<?xml version="1.0" encoding="UTF-8"?>
<testsuite name="com.controller.AddressBookTest" tests="1" skipped="0" failures="0" errors="0" timestamp="2019-12-05T13:06:08" hostname="admin1-desktop" time="0.0">
  <properties/>
  <testcase name="givenOldFileNameAndNewFileName_WhenDoesNotExist_RenameFile" classname="com.controller.AddressBookTest" time="0.0"/>
  <system-out><![CDATA[]]></system-out>
  <system-err><![CDATA[]]></system-err>
</testsuite>
