<?xml version="1.0" encoding="UTF-8"?>
<testsuite name="com.controller.AddressBookTest" tests="1" skipped="0" failures="0" errors="0" timestamp="2019-12-07T12:50:55" hostname="admin1-desktop" time="0.002">
  <properties/>
  <testcase name="givenNewFileName_WhenStringEmpty_throwsException" classname="com.controller.AddressBookTest" time="0.002"/>
  <system-out><![CDATA[File Name cannot be null
]]></system-out>
  <system-err><![CDATA[]]></system-err>
</testsuite>
